2023-10-30T09:39:30.403+05:30  WARN 17556 --- [com.mysql.cj.jdbc.Driver housekeeper] com.zaxxer.hikari.pool.HikariPool        : com.mysql.cj.jdbc.Driver - Thread starvation or clock leap detected (housekeeper delta=1d13h15m57s170ms337µs100ns).
2023-10-30T12:43:14.007+05:30  INFO 17556 --- [http-nio-7864-exec-7] in.spring.ath.config.LogingAspect        : Mon Oct 30 12:43:13 IST 2023 Execution Started...!   class in.spring.ath.controller.HomeController    ::    openHomePage
2023-10-30T12:43:14.039+05:30  INFO 17556 --- [http-nio-7864-exec-7] in.spring.ath.config.LogingAspect        : Mon Oct 30 12:43:14 IST 2023 Successfully Executed...!   class in.spring.ath.controller.HomeController    ::    openHomePage
2023-10-30T12:43:14.039+05:30  INFO 17556 --- [http-nio-7864-exec-7] in.spring.ath.config.LogingAspect        : Mon Oct 30 12:43:14 IST 2023 Every Time Executed...!   class in.spring.ath.controller.HomeController    ::    openHomePage
2023-10-30T12:43:24.373+05:30  INFO 17556 --- [http-nio-7864-exec-5] in.spring.ath.config.LogingAspect        : Mon Oct 30 12:43:24 IST 2023 Execution Started...!   class in.spring.ath.controller.HomeController    ::    openLoginPage
2023-10-30T12:43:24.373+05:30  INFO 17556 --- [http-nio-7864-exec-5] in.spring.ath.config.LogingAspect        : Mon Oct 30 12:43:24 IST 2023 Successfully Executed...!   class in.spring.ath.controller.HomeController    ::    openLoginPage
2023-10-30T12:43:24.373+05:30  INFO 17556 --- [http-nio-7864-exec-5] in.spring.ath.config.LogingAspect        : Mon Oct 30 12:43:24 IST 2023 Every Time Executed...!   class in.spring.ath.controller.HomeController    ::    openLoginPage
2023-10-30T12:43:30.769+05:30  INFO 17556 --- [http-nio-7864-exec-10] in.spring.ath.config.LogingAspect        : Mon Oct 30 12:43:30 IST 2023 Execution Started...!   class in.spring.ath.controller.HomeController    ::    openHomePage
2023-10-30T12:43:30.769+05:30  INFO 17556 --- [http-nio-7864-exec-10] in.spring.ath.config.LogingAspect        : Mon Oct 30 12:43:30 IST 2023 Successfully Executed...!   class in.spring.ath.controller.HomeController    ::    openHomePage
2023-10-30T12:43:30.769+05:30  INFO 17556 --- [http-nio-7864-exec-10] in.spring.ath.config.LogingAspect        : Mon Oct 30 12:43:30 IST 2023 Every Time Executed...!   class in.spring.ath.controller.HomeController    ::    openHomePage
2023-10-30T12:43:32.275+05:30  INFO 17556 --- [http-nio-7864-exec-1] in.spring.ath.config.LogingAspect        : Mon Oct 30 12:43:32 IST 2023 Execution Started...!   class in.spring.ath.controller.HomeController    ::    openHomePage
2023-10-30T12:43:32.277+05:30  INFO 17556 --- [http-nio-7864-exec-1] in.spring.ath.config.LogingAspect        : Mon Oct 30 12:43:32 IST 2023 Successfully Executed...!   class in.spring.ath.controller.HomeController    ::    openHomePage
2023-10-30T12:43:32.277+05:30  INFO 17556 --- [http-nio-7864-exec-1] in.spring.ath.config.LogingAspect        : Mon Oct 30 12:43:32 IST 2023 Every Time Executed...!   class in.spring.ath.controller.HomeController    ::    openHomePage
2023-10-30T12:43:47.756+05:30  INFO 17556 --- [http-nio-7864-exec-3] in.spring.ath.config.LogingAspect        : Mon Oct 30 12:43:47 IST 2023 Execution Started...!   class in.spring.ath.controller.HomeController    ::    openLoginPage
2023-10-30T12:43:47.757+05:30  INFO 17556 --- [http-nio-7864-exec-3] in.spring.ath.config.LogingAspect        : Mon Oct 30 12:43:47 IST 2023 Successfully Executed...!   class in.spring.ath.controller.HomeController    ::    openLoginPage
2023-10-30T12:43:47.757+05:30  INFO 17556 --- [http-nio-7864-exec-3] in.spring.ath.config.LogingAspect        : Mon Oct 30 12:43:47 IST 2023 Every Time Executed...!   class in.spring.ath.controller.HomeController    ::    openLoginPage
2023-10-30T12:43:49.526+05:30  INFO 17556 --- [http-nio-7864-exec-4] in.spring.ath.config.LogingAspect        : Mon Oct 30 12:43:49 IST 2023 Execution Started...!   class in.spring.ath.controller.HomeController    ::    openLoginPage
2023-10-30T12:43:49.526+05:30  INFO 17556 --- [http-nio-7864-exec-4] in.spring.ath.config.LogingAspect        : Mon Oct 30 12:43:49 IST 2023 Successfully Executed...!   class in.spring.ath.controller.HomeController    ::    openLoginPage
2023-10-30T12:43:49.528+05:30  INFO 17556 --- [http-nio-7864-exec-4] in.spring.ath.config.LogingAspect        : Mon Oct 30 12:43:49 IST 2023 Every Time Executed...!   class in.spring.ath.controller.HomeController    ::    openLoginPage
2023-10-30T12:43:53.797+05:30  INFO 17556 --- [http-nio-7864-exec-8] in.spring.ath.config.LogingAspect        : Mon Oct 30 12:43:53 IST 2023 Execution Started...!   class in.spring.ath.controller.HomeController    ::    openLoginPage
2023-10-30T12:43:53.798+05:30  INFO 17556 --- [http-nio-7864-exec-8] in.spring.ath.config.LogingAspect        : Mon Oct 30 12:43:53 IST 2023 Successfully Executed...!   class in.spring.ath.controller.HomeController    ::    openLoginPage
2023-10-30T12:43:53.798+05:30  INFO 17556 --- [http-nio-7864-exec-8] in.spring.ath.config.LogingAspect        : Mon Oct 30 12:43:53 IST 2023 Every Time Executed...!   class in.spring.ath.controller.HomeController    ::    openLoginPage
2023-10-30T12:44:01.550+05:30  INFO 17556 --- [http-nio-7864-exec-9] in.spring.ath.config.LogingAspect        : Mon Oct 30 12:44:01 IST 2023 Execution Started...!   class in.spring.ath.controller.HomeController    ::    openHomePage
2023-10-30T12:44:01.550+05:30  INFO 17556 --- [http-nio-7864-exec-9] in.spring.ath.config.LogingAspect        : Mon Oct 30 12:44:01 IST 2023 Successfully Executed...!   class in.spring.ath.controller.HomeController    ::    openHomePage
2023-10-30T12:44:01.550+05:30  INFO 17556 --- [http-nio-7864-exec-9] in.spring.ath.config.LogingAspect        : Mon Oct 30 12:44:01 IST 2023 Every Time Executed...!   class in.spring.ath.controller.HomeController    ::    openHomePage
2023-10-30T12:44:08.401+05:30  INFO 17556 --- [http-nio-7864-exec-10] in.spring.ath.config.LogingAspect        : Mon Oct 30 12:44:08 IST 2023 Execution Started...!   class in.spring.ath.controller.HomeController    ::    openLoginPage
2023-10-30T12:44:08.401+05:30  INFO 17556 --- [http-nio-7864-exec-10] in.spring.ath.config.LogingAspect        : Mon Oct 30 12:44:08 IST 2023 Successfully Executed...!   class in.spring.ath.controller.HomeController    ::    openLoginPage
2023-10-30T12:44:08.401+05:30  INFO 17556 --- [http-nio-7864-exec-10] in.spring.ath.config.LogingAspect        : Mon Oct 30 12:44:08 IST 2023 Every Time Executed...!   class in.spring.ath.controller.HomeController    ::    openLoginPage
2023-10-30T12:44:15.501+05:30  WARN 17556 --- [http-nio-7864-exec-2] .w.s.m.s.DefaultHandlerExceptionResolver : Resolved [org.springframework.web.HttpRequestMethodNotSupportedException: Request method 'GET' is not supported]
2023-10-30T12:44:19.844+05:30  INFO 17556 --- [http-nio-7864-exec-3] in.spring.ath.config.LogingAspect        : Mon Oct 30 12:44:19 IST 2023 Execution Started...!   class in.spring.ath.controller.RestController    ::    getAllEmployee
2023-10-30T12:44:20.607+05:30  INFO 17556 --- [http-nio-7864-exec-3] in.spring.ath.config.LogingAspect        : Mon Oct 30 12:44:20 IST 2023 Successfully Executed...!   class in.spring.ath.controller.RestController    ::    getAllEmployee
2023-10-30T12:44:20.607+05:30  INFO 17556 --- [http-nio-7864-exec-3] in.spring.ath.config.LogingAspect        : Mon Oct 30 12:44:20 IST 2023 Every Time Executed...!   class in.spring.ath.controller.RestController    ::    getAllEmployee
2023-10-30T12:44:31.655+05:30  INFO 17556 --- [http-nio-7864-exec-6] in.spring.ath.config.LogingAspect        : Mon Oct 30 12:44:31 IST 2023 Execution Started...!   class in.spring.ath.controller.HomeController    ::    openLoginPage
2023-10-30T12:44:31.656+05:30  INFO 17556 --- [http-nio-7864-exec-6] in.spring.ath.config.LogingAspect        : Mon Oct 30 12:44:31 IST 2023 Successfully Executed...!   class in.spring.ath.controller.HomeController    ::    openLoginPage
2023-10-30T12:44:31.657+05:30  INFO 17556 --- [http-nio-7864-exec-6] in.spring.ath.config.LogingAspect        : Mon Oct 30 12:44:31 IST 2023 Every Time Executed...!   class in.spring.ath.controller.HomeController    ::    openLoginPage
2023-10-30T12:44:33.902+05:30  INFO 17556 --- [http-nio-7864-exec-8] in.spring.ath.config.LogingAspect        : Mon Oct 30 12:44:33 IST 2023 Execution Started...!   class in.spring.ath.controller.RestController    ::    getAllEmployee
2023-10-30T12:44:33.928+05:30  INFO 17556 --- [http-nio-7864-exec-8] in.spring.ath.config.LogingAspect        : Mon Oct 30 12:44:33 IST 2023 Successfully Executed...!   class in.spring.ath.controller.RestController    ::    getAllEmployee
2023-10-30T12:44:33.928+05:30  INFO 17556 --- [http-nio-7864-exec-8] in.spring.ath.config.LogingAspect        : Mon Oct 30 12:44:33 IST 2023 Every Time Executed...!   class in.spring.ath.controller.RestController    ::    getAllEmployee
2023-10-30T14:43:11.138+05:30  WARN 17556 --- [com.mysql.cj.jdbc.Driver housekeeper] com.zaxxer.hikari.pool.HikariPool        : com.mysql.cj.jdbc.Driver - Thread starvation or clock leap detected (housekeeper delta=24m7s177ms806µs100ns).
